['Brandi', 'Christyna', 'Annabela', 'Ashlie', 'Annadiane', 'Bridgette', 'Cariotta', 'Ardene', 'Anne', 'Cody']
['Aubine', 'Charlot', 'David', 'Beatrice', 'Abra', 'Benita', 'Amy', 'Bobby', 'Caron', 'Adelice']
['Cesya', 'Angie', 'Chiquia', 'Catherine', 'Christye', 'Carole', 'Athena', 'Annora', 'Abby', 'Augusta']
['Carmel', 'Cele', 'Babs', 'Aeriel', 'Adoree', 'Ara', 'Catlaina', 'Bobbye', 'Carmelita', 'Agnola']
['Caro', 'Bertine', 'Berri', 'Auroora', 'Berni', 'Ambur', 'Anastassia', 'Ashli', 'Adorne', 'Aile']
['Carlee', 'Catharine', 'Bobbie', 'Betty', 'Austina', 'Alejandra', 'Beverie', 'Alice', 'Caryn', 'Aliza']
['Cherise', 'Andree', 'Alikee', 'Annelise', 'Anthiathia', 'Blanche', 'Angil', 'Brigid', 'Brandie', 'Arlie']
['Anet', 'Bellanca', 'Carri', 'Celestine', 'Bobette', 'Billie', 'Cammy', 'Berty', 'Audy', 'Bethany']
['Camella', 'Adelheid', 'Charleen', 'Angela', 'Cherye', 'Charmion', 'Caren', 'Belva', 'Cassondra', 'Bunny']
['Antoinette', 'Caril', 'Alysa', 'Candra', 'Brier', 'Alys', 'Berta', 'Bernardina', 'Athene', 'Asia']
['Christan', 'Addi', 'Christal', 'Anabal', 'Anallese', 'Blancha', 'Bernadine', 'Belita', 'Chelsey', 'Arlina']
['Angel', 'Celie', 'Chiarra', 'Charin', 'Bryna', 'Amabel', 'Bamby', 'Christel', 'Barbra', 'Calli']
['Bernardine', 'Andi', 'Blythe', 'Carolyn', 'Brittaney', 'Ada', 'Binni', 'Ariela', 'Babette', 'Aili']
['Charyl', 'Analiese', 'Bernete', 'Alayne', 'Caroljean', 'Cal', 'Bunni', 'Barbey', 'Casie', 'Berna']
['Annabelle', 'Alvira', 'Aaren', 'Catlee', 'Cathrine', 'Penny', 'Aurore', 'Almeda', 'Catriona', 'Babara']
['Amanda', 'Bobinette', 'Amargo', 'Allix', 'Billy', 'Babbie', 'Bibbie', 'Aimil', 'Brandea', 'Bren']
['Babbette', 'Carena', 'Alissa', 'Cacilia', 'Ashlen', 'Ali', 'Andrea', 'Benetta', 'Bride']
['Allissa', 'Carlye', 'Calida', 'Celestyn', 'Avis', 'Alexandrina', 'Bobbee', 'Angelina', 'Alexi']
['Ardella', 'April', 'Allegra', 'Bliss', 'Aurelea', 'Cammi', 'Alix', 'Blinnie', 'Babita']
['Ardra', 'Ailene', 'Casandra', 'Carina', 'Barbaraanne', 'Anabelle', 'Cami', 'Alisun', 'Alexia']
['Bettine', 'Bert', 'Alverta', 'Bill', 'Calla', 'Anatola', 'Brandy', 'Anica', 'Betteann']
['Bessy', 'Alyda', 'Chanda', 'Betti', 'Arlene', 'Annabel', 'Cheslie', 'Alanah', 'Arliene']
['Camel', 'Catie', 'Carmine', 'Annamaria', 'Aubrette', 'Alie', 'Christabella', 'Ardeen', 'Anastasia']
['Agatha', 'Charity', 'Anni', 'Agace', 'Anjela', 'Callida', 'Cassy', 'Cherrita', 'Billi']
['Candis', 'Bonnee', 'Barbabra', 'Carolina', 'Cherilyn', 'Carlyn', 'Andriana', 'Aveline', 'Carlynn']
['Brigida', 'Caryl', 'Caralie', 'Astrix', 'Alicea', 'Bess', 'Carrissa', 'Chelsy', 'Brandise']
