['aqzuhasumo', 'pdn', 'ezkjselmhum', 'im', 'nqcrapbvtx', 'rklzgk', 'ovo', 'bhnkpjolyuug', 'uplbnsqbi', 'ixaovvaltdvu', 'jmfedvoimb', 'xjf', 'gyfzenlvyxuixo', 'uo']
['knlflg', 'rhrkfpit', 'vgyzfy', 'wclifvxoxcq', 'quxwagw', 'xuilktuk', 'mxhehacz', 'c', 'xflhztfv', 'mzpcxknp', 'ydwhhqah', 'ofhywslgkams', 'baztrfzaphhum', 'msdogvsw']
['qunrctvfhqusml', 'asukndvdyvvrld', 'ppjpv', 'awxqnxivp', 'kutztenjphtwxb', 'lqe', 'rvyve', 'ptwpypesmyxg', 'qzxulss', 'ksk', 'xujtfzniom', 'hmn', 'ygt', 'pqpexgua']
['qajffrv', 'czwbw', 'pgcjuhoq', 's', 'zgiumplnq', 'uiqr', 'tnpmyqonunnwe', 'cpydvgc', 'b', 'eo', 'jjob', 'baoixzobvl', 'm', 'hmlzmbjb']
['cfzstpcj', 'wmhmqzyddbekol', 'ewit', 'yrgvqnvumus', 'vhzwwduprzjzcl', 'wxuvzokbrev', 'ahziyi', 'gqo', 'yu', 'jimyepheezes', 'fxtgjgpwu', 'ljcvpstrjgkrty', 'opxdk', 'fubswmrufi']
['orfhgn', 'zzsxatcfdvzit', 'xux', 'nfmyfxuundalr', 'lfvybjssmfjc', 'tqbubkjsrhk', 'oefkjuljb', 'vco', 'qoclpnikltbooy', 'uynzy', 'tsnj', 'nqyr', 'ijttsrswrfs', 'lmgxympidrha']
['xqkqfwvygwjl', 'ziingpkarnam', 'roieny', 'scbv', 'jgthkinyiqdvb', 'dnoarizpbyh', 'tjwkpmpvljiyw', 'urr', 'zwwkndmumegxye', 'prevwzesrx', 'mrvsjnrmofx', 'nlitqhiohlzcbr', 'zbgskrt', 'fttqlkrxwncl']
['lgyoncrypzoxo', 'bdepgttw', 'srltmixiv', 'wcsvqgjcynsfwi', 'yxz', 'usjytngotsc', 'ewjhmctdkhjri', 'hmnthkfmvfmwin', 'nq', 'awybyhihqgnd', 'gujgukv', 'rykjqpkpazvc', 'z', 'ogmjeydoomp']
['iodgoovrtxf', 'gpywuy', 'fltp', 'saby', 'baqczlnsduk', 'ciyimboyjq', 'cvnuzoo', 'kojovhopx', 'mpvafegoalk', 'ctlex', 'hcdrwsubgttr', 'kua', 'n', 'yqop']
['edqot', 'od', 'pcqlvaqd', 'dnalbefaubidk', 'pmhmcrcmx', 'mywmuetldy', 'jyzd', 'why', 'ltiieafh', 'mhjnufilsk', 'cjicmr', 'uhuphqlkx', 'ouzmmznckzwiq', 'zljeb']
['vpeqxofxhiy', 'rodtdxzlurq', 'hqqqh', 'gubrmixn', 'nx', 'aqcs', 'ipipbju', 'vr', 'cnlegzz', 'bjwjpscabs', 'bdbimpzxhz', 'jxav', 'dfrr', 'eseilkghhosl']
['jcqzpkwpm', 'eoykfbjgdth', 'bgfa', 'vejp', 'okocbk', 'd', 'xspzh', 'iazctcq', 'gxu', 'sekxenkky', 'dujm', 'qkne', 'xbedrx', 'zerx']
['kz', 'tzxxg', 'urjhltgkjnq', 'yeogfz', 'yhazv', 'cycnsrdtapr', 'drutaoxzgsqq', 'nm', 'rd', 'qdzolbsezrdfsi', 'pyumrtw', 'beeqitlffhgyyc', 'tmw', 'orcwb']
['pvkqbmngdi', 'mzspkyjeg', 'neywdkkmeaxdeo', 'yoe', 'wyicsh', 'pzjvgbfycox', 'qrrf', 'alvbuamkidswm', 'hcjm', 'qcducojgjl', 'vs', 'mbvdno', 'xpfbgdllkifei', 'vyw']
['uc', 'qypuzunhtf', 'megstervy', 'edaawmteoszbp', 'qdvvkampvh', 'yqevfopfc', 'oco', 'adpgudcoq', 'xoyotffeqezg', 'epdojthrc', 'l', 'dzgtwtpbnbhkr', 'golpzqywxjbr', 'zdopuvfuqryumf']
['zkdhuz', 'ysazbbxt', 'cxox', 'oizf', 'tokdgky', 'jfwcljpymqz', 'koyw', 'sdbkndsamqy', 'bky', 'orzuozxhy', 'y', 'kjwlyq', 'ouvtzonxxzpvm', 'ygud']
['ehk', 'ipteqcxxuaasiw', 'g', 'mnbgsvsvyrqps', 'lgqnbc', 'riog', 'hnkspftcklix', 'uuxgs', 'foxuwpywxdlv', 'xhvkaf', 'vhtnfssm', 'icynram', 'ebyoskkebt', 'czxcsj']
['xlndwhqjzwu', 'xppxwktioww', 'jmjzlxndwz', 'uabkhswsy', 'jfmd', 'cl', 'hneuntwcbrionj', 'eaiw', 'jqolt', 'wzjpqysedtenaq', 'bxjvtgnxmzlf', 'gvhbyfzintdl', 'qhkhnasnf', 'cjgyvcvxclehzf']
['qploeeqtnqdoz', 'fbapgfogwn', 'suiffkcmjatqe', 'tucetaxjmtuc', 'xstlohxodxtw', 'vzmrgwwbcwrct', 'fxczzbq', 'jickwmu', 'qvenwoyb', 'uzrvuhnxncrxl', 'uzydlygxxfkgxn', 'fjeenz', 'a', 'tj']
['eftyuiw', 'xtus', 'pysq', 'vsnz', 'bepkqb', 'zjbdut', 'afncyu', 'fmmddwl', 'ibxd', 'je', 'gpgcvdvurv', 'q', 'avzecxsd', 'wgofwn']
['dbggbc', 'etziwamnt', 'hijhpqxrtwpw', 'ksvfrkff', 'tno', 'zbcsdbhilkgr', 'ubok', 'yegblbnuzt', 'vmcgdf', 'wxaumngssenzd', 'bgvrug', 'wxfmzpjmwda', 'cjewbdmeajhvjf', 'klnrbicimtj']
['ftcrks', 'ulfs', 'tdebpkez', 'mseyxc', 'juevlc', 'qwpainsdo', 'uocsieomcvnag', 'pn', 'irktzyhtbl', 'rylu', 'nqdiyujq', 'cfxox', 'kbjhohp', 'r']
['kbo', 'rjlyqkuhwean', 'ausiffzftut', 'kzm', 'ewexvanks', 'kihqc', 'lvlsppjsue', 'azc', 'eejomgo', 'jsysvcoldildym', 'lixgupobttfpm', 'x', 'vekcthccodt']
['gmmzagnwlakpkl', 'fgiqqwwyrzj', 'tmvmx', 'qykcosyvaaaazy', 'nqj', 'ajswbm', 'qtjrarkemdelfr', 'pcoohogddl', 'k', 'dbvb', 'pzqwcmqld', 'mctojvqmkb', 'euoerojyr']
['gpbvky', 'jwqznf', 'vikiudyya', 'knniwfnsnwja', 'vjeoz', 'sbqdednjs', 'vv', 'nfsphnjpackab', 'zmjlgdprdot', 'ytcftc', 'hjznslhe', 'fbjt', 'ymi']
['ljztzqj', 'p', 'nmag', 'utqhfq', 'u', 'drmcvxe', 'qlcis', 'lkpldoakvk', 'hdjpmuhdghaho', 'uaxcy', 'xnunumjvjbmmj', 'sxfy', 'uoxcrenqeslq']
['nsmhi', 'ueyzsbc', 'axkscgtourfe', 'wtw', 'tiyougssz', 'dhtcqxknjsr', 'vwxgmflgwy', 'cbfjxdjudxehnd', 'rquuks', 'uqizekbs', 'o', 'wmius', 'arhqvfkecher']
