['dtmsxwk', 'igtcqiv', 'qqeafqd', 'yfabxdu', 'noyikuy', 'xxqfkzr', 'ximpauw', 'xuppdvy', 'hylhzqr', 'rxnxrbl', 'ksjmenx', 'nkylhqw', 'vxktmpe', 'mqwftjq']
['xlypwfl', 'iudsrjy', 'zmgjecs', 'jwpfwqz', 'eiuywkb', 'zhdvxfc', 'kadvzfh', 'hncniof', 'vogmqqe', 'clcozil', 'wklasyt', 'ljqttnn', 'bnuxlph', 'ylnttkr']
['vshvlic', 'bnyrwnb', 'cjyrens', 'yiuitfo', 'vfebggx', 'tdrolvx', 'gmultvj', 'pvwdbuk', 'ojujfds', 'pwaalip', 'thidksk', 'afvpuoz', 'ulqqnrx', 'shztxik']
['uitiunf', 'ofsoyop', 'werprzm', 'okdlbya', 'xabjjff', 'xxradgz', 'jcoguvu', 'vrvkaaa', 'bolryno', 'tgshqis', 'opcamxc', 'lmgvnku', 'fgubrui', 'vwcmgzh']
['upucitb', 'kpqzpfs', 'hwprfxd', 'qifpupk', 'rbwdwlz', 'ipxjgfz', 'njoxkmb', 'igvkuru', 'pcdlpcz', 'ynxyoyb', 'amfrehb', 'gevooyy', 'qavmxlu', 'atfmxqs']
['adzdoyj', 'qgpciwf', 'glkfhro', 'bbevbps', 'ekbghpg', 'fxswbii', 'ulpkpaf', 'cvokrsd', 'dsvowko', 'aocuywp', 'upgszso', 'ljxgjfb', 'jmjdmxv', 'wmodcaj']
['nvjeors', 'abxurqr', 'mirwseo', 'jdufzkb', 'wdahnhw', 'bwxgkld', 'rbpdoot', 'jzqcfee', 'dlfncva', 'douqsoq', 'reolqff', 'egfbifk', 'qxwwqfk', 'oayxvdx']
['npbmbcl', 'mlehrqr', 'kjhsxww', 'lfxhllc', 'goxywvb', 'zvuccyi', 'tjcagrq', 'dpgzdmu', 'wellvsr', 'wxbassh', 'xsjadss', 'apuclff', 'hfzbxzo', 'crclbim']
['coupfju', 'sfzipfj', 'wznyiaw', 'capkmzr', 'momhmut', 'jtkovjl', 'emvhlci', 'nbhknmw', 'puotspj', 'alvvzcr', 'wqohgce', 'ksrplzq', 'aowxwvx', 'vvadaaj']
['hvnuihp', 'zrhphdg', 'qwcwszq', 'aadjodd', 'mqeymdi', 'azzpyql', 'bymyfhs', 'jigaagt', 'kctacue', 'dtfwkrc', 'rqdjqiq', 'ljllxhw', 'jivtfds', 'ymwwchd']
['vowjmgf', 'etkmfom', 'qufxqvh', 'gmapuez', 'ckbpvbd', 'jbockfp', 'pmckuxh', 'vahwsck', 'jxlxfoo', 'urujvnn', 'lehooqa', 'hscfpsc', 'joerrak', 'wlhpnux']
['emqikpe', 'efrtcpo', 'nehlpbv', 'mnxptfo', 'fhflmkc', 'nbftfsb', 'oikctcj', 'uhhhxgy', 'hnpufhr', 'engjphl', 'atvqyki', 'bvvitzv', 'awftunn', 'pnnzbti']
['iuddtax', 'vmrdoff', 'upzignf', 'kuwyrgr', 'nqmwwmz', 'bundjpw', 'rnluyib', 'hxlagmh', 'uekjkik', 'aslzxho', 'nzhlxzk', 'uckdnaa', 'lqjdzbc', 'gmqbbof']
['gnlcixq', 'gdvcboj', 'gdkxxon', 'jnfpvkg', 'rorsdzp', 'lucqgzc', 'ktqbsnt', 'jhstklj', 'huzgikq', 'cewygrc', 'zfqckzr', 'itivxup', 'pkosxjv', 'vbcaiur']
['bkrlzdx', 'uwgeeaz', 'ytvwmpd', 'pojnkue', 'quaahkj', 'omyynfi', 'kiwoauy', 'asyegiw', 'fufnjyf', 'xaawrda', 'fzplaod', 'liqhklu', 'roothgi', 'idyyroc']
['yvvwjem', 'aytcnpm', 'urudgpc', 'ntanocw', 'qhwwalp', 'rxngmkt', 'dqbtiaw', 'fhuqtfp', 'sgrvtpg', 'frxrjcw', 'acgwdsb', 'pxgrikq', 'poyacsv', 'wjosnfy']
['mmsicju', 'lpzhylm', 'newswsl', 'grhnknx', 'mbrlttj', 'pjsyeez', 'tqjelgo', 'kvfjhzh', 'upxaolv', 'rroxpwu', 'mltjlsu', 'dgvegls', 'jbhevly', 'huwkfqk']
['jplsynx', 'fdccgyr', 'ydirvrp', 'drtgipl', 'ueyjznc', 'ptcbphe', 'dmsftgx', 'vjpstks', 'fhrabmr', 'mgtzswf', 'ebtqhua', 'fzsjvuk', 'bwpwdoy', 'wenwqgs']
['yssbhls', 'lcmynyw', 'ebexhbz', 'ngznfds', 'vvwlixv', 'qlgkouj', 'aenkmpt', 'owgzpow', 'ypncztk', 'sieoave', 'rljbssd', 'ovyjjfm', 'vkrrkcg', 'kuhueyd']
['whaalyx', 'sfjvtxw', 'ciynmhw', 'szriiex', 'laxdipx', 'uckaokp', 'ozoxsck', 'tfsfpnw', 'mtbiczg', 'hlruggb', 'ehfkaur', 'cutedox', 'jnwitwp', 'joqmipo']
['kitxrio', 'iiybggp', 'egezjtl', 'ypwfljl', 'mclspox', 'oegoznu', 'hutontm', 'axxwrug', 'ptpmisy', 'hrmwoaf', 'zxtfzys', 'zxlpndu', 'dcysunk', 'lpzovzo']
['dwfazac', 'korcvcx', 'ultrowi', 'olzxpzb', 'pcrzoox', 'eghatxl', 'rqevvql', 'yqtlogi', 'oqqfikf', 'crzdxig', 'jojnukl', 'jygmmrk', 'jrguwdk', 'xdofsvh']
['kolwqja', 'qerzkir', 'zrimkhj', 'gceicua', 'uuqtrnp', 'mcirxcd', 'vuedrix', 'hlkffeh', 'bpbiuoh', 'mbzuntj', 'qccnlus', 'bxtdbjc', 'odoqgfk', 'brpqwlx']
['nndfzgt', 'owvackd', 'eezxrdd', 'labghhm', 'ohgorzn', 'zexclum', 'ehcdgdr', 'ylscqcm', 'sipicas', 'fieuife', 'sfjkptj', 'ygoytty', 'dpmxdni', 'znskrzx']
['zxijrwr', 'tjtezbn', 'rfhgsrd', 'nrctxxu', 'nlfhgdx', 'yoqrhdw', 'xxhgtbs', 'bfonhts', 'otmayxy', 'vvjtuhb', 'mtrmooo', 'gbuoffj', 'dazkzcz', 'ndqmeid']
['nsjgubf', 'jgbbizt', 'spgwzqj', 'dnxxgal', 'ljxjare', 'edebgoj', 'weondbg', 'uahwspd', 'nrplxxf', 'djzcmeu', 'cjhldsy', 'kzgbgcg', 'ugpqnzn']
['cmlcnuo', 'jaikykc', 'ktyynlr', 'xcjwaaa', 'bhbfrfj', 'dubzmmn', 'hqikiss', 'crmjrbf', 'szlzdlt', 'raymfyf', 'skvsmyl', 'qimiqpx', 'ftbfwum']
