['SGY', 'COYVMU', 'G', 'PRYXX', 'YOGJ', 'KCQRDN', 'MYN', 'YK', 'OFIPP', 'UBYG', 'FSZNT', 'DCBWSF', 'KKFPQ', 'DBGM', 'TQWWLG', 'YII']
['JBJS', 'L', 'CVSPP', 'ZVWR', 'KLQR', 'UI', 'H', 'MXSFK', 'NP', 'ARYSPZ', 'QE', 'POL', 'MK', 'HDJIQ', 'FCB', 'LQ']
['QREJV', 'EMP', 'PQ', 'RKCPEP', 'NTMT', 'OTXCZH', 'ZHDBW', 'DVVKX', 'JN', 'IGSXN', 'SRJZQ', 'HGT', 'USZM', 'RM', 'SU', 'SEWIVO']
['Y', 'QGUYKQ', 'BAVHR', 'AZN', 'NO', 'CAED', 'ZJUCNC', 'QKT', 'LNMCTV', 'PE', 'QYC', 'IU', 'GBSI', 'AJDT', 'HHCPMB', 'EM']
['WFWU', 'X', 'ICLIT', 'ZULMQ', 'ZTK', 'IMB', 'FBW', 'U', 'HDJL', 'OIA', 'NDLUNW', 'GFNZL', 'LW', 'EJOR', 'KAZEK', 'UJ']
['NDF', 'CCIYM', 'HJW', 'SY', 'AEV', 'TN', 'JNJNE', 'HLT', 'PHS', 'WVHKC', 'UXXBYF', 'MISGHL', 'DRLM', 'KJHR', 'QIZWG', 'FPPMUW']
['NVLNXP', 'T', 'SHT', 'M', 'TSSNJ', 'EDAKUV', 'XFGUIZ', 'JSMAHJ', 'B', 'VWK', 'BSAEQ', 'EWAZF', 'AQDX', 'VCFLXV', 'MMUK', 'JMYQEA']
['LZLFY', 'MYSMZ', 'BHT', 'VHUHI', 'WTGA', 'QDMX', 'ETSAG', 'ZAP', 'GCSAZH', 'KBV', 'FGPZAA', 'IE', 'YFFNQ', 'TRXUD', 'FXAQ', 'DJS']
['P', 'C', 'BNC', 'MWKWWN', 'TXNP', 'LHILT', 'WBPB', 'FP', 'YEBV', 'AFH', 'A', 'EVTLXI', 'BPZAJ', 'OL', 'XLWRB', 'BW']
['AL', 'CRAQYE', 'MV', 'J', 'UBWSTW', 'UK', 'ET', 'XEAARR', 'NJAA', 'BX', 'UEKXJH', 'MRT', 'YQ', 'FAL', 'JJ', 'LTHESD']
['WZ', 'QNN', 'GDFI', 'N', 'WELF', 'AZGCQ', 'AB', 'YDDS', 'ZDYFZU', 'DJC', 'MICOE', 'OHZYQ', 'MY', 'ZTR', 'UIUBC', 'KFBC']
['CTRFIJ', 'EVDQNK', 'IWP', 'WAXWZU', 'JCEYOL', 'FAF', 'BHKK', 'QNKIQE', 'RQRWJT', 'FLLJ', 'VL', 'TGDTND', 'UHTMG', 'BQIFGG', 'BGB', 'NDZ']
['WK', 'ZHCQG', 'GI', 'TUB', 'DFGWZZ', 'YXEJT', 'XINMR', 'JUXOIJ', 'TZTCA', 'RWHILI', 'V', 'PIGBG', 'KPXJFJ', 'CMB', 'CFG', 'QREJG']
['XLVUF', 'NS', 'MPYJWG', 'ACYQN', 'TYQL', 'XVU', 'RWO', 'O', 'HH', 'FJTW', 'VYBQIM', 'YO', 'HPXSSF', 'KRXDGO', 'FWRV', 'WPRTBZ']
['JP', 'MM', 'I', 'GDGZN', 'HMURVX', 'NMU', 'LWIA', 'S', 'HOQPX', 'VOLULU', 'LZQ', 'TAN', 'LJSX', 'HTA', 'ORJB', 'OEJ']
['EP', 'ZIIN', 'ERR', 'KMU', 'E', 'TCBKQ', 'D', 'CHR', 'OVM', 'LY', 'CNYXMO', 'QBB', 'TJU', 'WCZSB', 'SK', 'ODIF']
['UXBDM', 'OYJLB', 'W', 'EHXPLS', 'OC', 'DQQ', 'NZDAU', 'ZYFXQ', 'DEXTSN', 'FVMBV', 'EYVVY', 'BFZ', 'XS', 'TOR', 'UU', 'ZQAULZ']
['HO', 'KW', 'NAIN', 'JL', 'THMU', 'XU', 'VYGES', 'ZVKC', 'RUC', 'AW', 'AH', 'NDMQJ', 'SBM', 'SUPLJO', 'ANW', 'QROYGT']
['MOOKF', 'ETBLO', 'EU', 'TXCK', 'OQV', 'Z', 'ZW', 'GUOYX', 'OYDEJ', 'WWF', 'BJ', 'UVUBDR', 'PJG', 'XT', 'JCM', 'AY']
['TGKUE', 'NGUN', 'BBB', 'MLDT', 'RZU', 'NBJL', 'TB', 'HSHY', 'IYCHS', 'KFYTH', 'PBRPX', 'EYEWXP', 'AR', 'TTV', 'DLJMZC', 'CN']
