['a', 'cccccccc', 'ggggggg', 'kkkkkk', 'ooooo', 'ssss', 'www', 'AA', 'E', 'GGGGGGGG', 'KKKKKKK', 'OOOOOO', 'SSSSS', 'WWWW', '111', '55']
['b', 'dddddddd', 'hhhhhhh', 'llllll', 'ppppp', 'tttt', 'xxx', 'BB', 'F', 'HHHHHHHH', 'LLLLLLL', 'PPPPPP', 'TTTTT', 'XXXX', '222', '66']
['aa', 'e', 'gggggggg', 'kkkkkkk', 'oooooo', 'sssss', 'wwww', 'AAA', 'EE', 'I', 'KKKKKKKK', 'OOOOOOO', 'SSSSSS', 'WWWWW', '1111', '555']
['bb', 'f', 'hhhhhhhh', 'lllllll', 'pppppp', 'ttttt', 'xxxx', 'BBB', 'FF', 'J', 'LLLLLLLL', 'PPPPPPP', 'TTTTTT', 'XXXXX', '2222', '666']
['aaa', 'ee', 'i', 'kkkkkkkk', 'ooooooo', 'ssssss', 'wwwww', 'AAAA', 'EEE', 'II', 'M', 'OOOOOOOO', 'SSSSSSS', 'WWWWWW', '11111', '5555']
['bbb', 'ff', 'j', 'llllllll', 'ppppppp', 'tttttt', 'xxxxx', 'BBBB', 'FFF', 'JJ', 'N', 'PPPPPPPP', 'TTTTTTT', 'XXXXXX', '22222', '6666']
['aaaa', 'eee', 'ii', 'm', 'oooooooo', 'sssssss', 'wwwwww', 'AAAAA', 'EEEE', 'III', 'MM', 'Q', 'SSSSSSSS', 'WWWWWWW', '111111', '55555']
['bbbb', 'fff', 'jj', 'n', 'pppppppp', 'ttttttt', 'xxxxxx', 'BBBBB', 'FFFF', 'JJJ', 'NN', 'R', 'TTTTTTTT', 'XXXXXXX', '222222', '66666']
['aaaaa', 'eeee', 'iii', 'mm', 'q', 'ssssssss', 'wwwwwww', 'AAAAAA', 'EEEEE', 'IIII', 'MMM', 'QQ', 'U', 'WWWWWWWW', '1111111', '555555']
['bbbbb', 'ffff', 'jjj', 'nn', 'r', 'tttttttt', 'xxxxxxx', 'BBBBBB', 'FFFFF', 'JJJJ', 'NNN', 'RR', 'V', 'XXXXXXXX', '2222222', '666666']
['aaaaaa', 'eeeee', 'iiii', 'mmm', 'qq', 'u', 'wwwwwwww', 'AAAAAAA', 'EEEEEE', 'IIIII', 'MMMM', 'QQQ', 'UU', 'Y', '11111111', '5555555']
['bbbbbb', 'fffff', 'jjjj', 'nnn', 'rr', 'v', 'xxxxxxxx', 'BBBBBBB', 'FFFFFF', 'JJJJJ', 'NNNN', 'RRR', 'VV', 'Z', '22222222', '6666666']
['aaaaaaa', 'eeeeee', 'iiiii', 'mmmm', 'qqq', 'uu', 'y', 'AAAAAAAA', 'EEEEEEE', 'IIIIII', 'MMMMM', 'QQQQ', 'UUU', 'YY', '3', '55555555']
['bbbbbbb', 'ffffff', 'jjjjj', 'nnnn', 'rrr', 'vv', 'z', 'BBBBBBBB', 'FFFFFFF', 'JJJJJJ', 'NNNNN', 'RRRR', 'VVV', 'ZZ', '4', '66666666']
['aaaaaaaa', 'eeeeeee', 'iiiiii', 'mmmmm', 'qqqq', 'uuu', 'yy', 'C', 'EEEEEEEE', 'IIIIIII', 'MMMMMM', 'QQQQQ', 'UUUU', 'YYY', '33', '7']
['bbbbbbbb', 'fffffff', 'jjjjjj', 'nnnnn', 'rrrr', 'vvv', 'zz', 'D', 'FFFFFFFF', 'JJJJJJJ', 'NNNNNN', 'RRRRR', 'VVVV', 'ZZZ', '44', '8']
['c', 'eeeeeeee', 'iiiiiii', 'mmmmmm', 'qqqqq', 'uuuu', 'yyy', 'CC', 'G', 'IIIIIIII', 'MMMMMMM', 'QQQQQQ', 'UUUUU', 'YYYY', '333', '77']
['d', 'ffffffff', 'jjjjjjj', 'nnnnnn', 'rrrrr', 'vvvv', 'zzz', 'DD', 'H', 'JJJJJJJJ', 'NNNNNNN', 'RRRRRR', 'VVVVV', 'ZZZZ', '444', '88']
['cc', 'g', 'iiiiiiii', 'mmmmmmm', 'qqqqqq', 'uuuuu', 'yyyy', 'CCC', 'GG', 'K', 'MMMMMMMM', 'QQQQQQQ', 'UUUUUU', 'YYYYY', '3333', '777']
['dd', 'h', 'jjjjjjjj', 'nnnnnnn', 'rrrrrr', 'vvvvv', 'zzzz', 'DDD', 'HH', 'L', 'NNNNNNNN', 'RRRRRRR', 'VVVVVV', 'ZZZZZ', '4444', '888']
['ccc', 'gg', 'k', 'mmmmmmmm', 'qqqqqqq', 'uuuuuu', 'yyyyy', 'CCCC', 'GGG', 'KK', 'O', 'QQQQQQQQ', 'UUUUUUU', 'YYYYYY', '33333', '7777']
['ddd', 'hh', 'l', 'nnnnnnnn', 'rrrrrrr', 'vvvvvv', 'zzzzz', 'DDDD', 'HHH', 'LL', 'P', 'RRRRRRRR', 'VVVVVVV', 'ZZZZZZ', '44444', '8888']
['cccc', 'ggg', 'kk', 'o', 'qqqqqqqq', 'uuuuuuu', 'yyyyyy', 'CCCCC', 'GGGG', 'KKK', 'OO', 'S', 'UUUUUUUU', 'YYYYYYY', '333333', '77777']
['dddd', 'hhh', 'll', 'p', 'rrrrrrrr', 'vvvvvvv', 'zzzzzz', 'DDDDD', 'HHHH', 'LLL', 'PP', 'T', 'VVVVVVVV', 'ZZZZZZZ', '444444', '88888']
['ccccc', 'gggg', 'kkk', 'oo', 's', 'uuuuuuuu', 'yyyyyyy', 'CCCCCC', 'GGGGG', 'KKKK', 'OOO', 'SS', 'W', 'YYYYYYYY', '3333333', '777777']
['ddddd', 'hhhh', 'lll', 'pp', 't', 'vvvvvvvv', 'zzzzzzz', 'DDDDDD', 'HHHHH', 'LLLL', 'PPP', 'TT', 'X', 'ZZZZZZZZ', '4444444', '888888']
['cccccc', 'ggggg', 'kkkk', 'ooo', 'ss', 'w', 'yyyyyyyy', 'CCCCCCC', 'GGGGGG', 'KKKKK', 'OOOO', 'SSS', 'WW', '1', '33333333', '7777777']
['dddddd', 'hhhhh', 'llll', 'ppp', 'tt', 'x', 'zzzzzzzz', 'DDDDDDD', 'HHHHHH', 'LLLLL', 'PPPP', 'TTT', 'XX', '2', '44444444', '8888888']
['ccccccc', 'gggggg', 'kkkkk', 'oooo', 'sss', 'ww', 'A', 'CCCCCCCC', 'GGGGGGG', 'KKKKKK', 'OOOOO', 'SSSS', 'WWW', '11', '5', '77777777']
['ddddddd', 'hhhhhh', 'lllll', 'pppp', 'ttt', 'xx', 'B', 'DDDDDDDD', 'HHHHHHH', 'LLLLLL', 'PPPPP', 'TTTT', 'XXX', '22', '6', '88888888']
