['Elinor', 'Idalina', 'Lila', 'Christabel', 'Tybi', 'Susi', 'Vi', 'Gaynor', 'Marcia', 'Idell', 'Dianna', 'Claudina', 'Paulina', 'Amitie', 'Dulcie', 'Emmalynne', 'Barbaraanne', 'Libby']
['Thomasina', 'Rasla', 'Amabel', 'Marylou', 'Brynna', 'Lisabeth', 'Geri', 'Lacey', 'Minnnie', 'Lyn', 'Kaylyn', 'Karol', 'Penny', 'Kial', 'Clemmie', 'Sibylle', 'Katalin', 'Helenka']
['Carlye', 'Ondrea', 'Leilah', 'Bell', 'Lia', 'Jolie', 'Di', 'Siusan', 'Nora', 'Silva', 'Sue', 'Henrietta', 'Trude', 'Tilda', 'Keri', 'Eula', 'Shaina', 'Erna']
['Janette', 'Brandise', 'Jeniffer', 'Jenna', 'Randene', 'Maryl', 'Emmy', 'Jaime', 'Darcee', 'Kristin', 'Fredelia', 'Natala', 'Hendrika', 'Grazia', 'Cinnamon', 'Andriette', 'Kerstin', 'Viva']
['Reta', 'Sara', 'Neilla', 'Blake', 'Anya', 'HelenElizabeth', 'Edi', 'Dana', 'Freda', 'Jane', 'Leora', 'Brynne', 'Daisi', 'Marigold', 'Pansie', 'Sofia', 'Dulcia', 'Jorey']
['Jeannine', 'Coral', 'Magdaia', 'Rachel', 'Delila', 'Cammie', 'Giselle', 'Sherline', 'Gerrilee', 'Sophie', 'Laverna', 'Dulcea', 'Esmaria', 'Matilda', 'Cory', 'Corey', 'Tobi', 'Vonny']
['Alyce', 'Stepha', 'Raine', 'Starr', 'Philomena', 'Karlotta', 'Lorrin', 'Koressa', 'Robena', 'Geralda', 'Neila', 'Corinna', 'Melva', 'Allsun', 'Vallie', 'Susana', 'Merrielle', 'Bessy']
['Katleen', 'Tersina', 'Libbi', 'Bonnee', 'Ardenia', 'Anthe', 'Ginger', 'Terra', 'Jessika', 'Cordie', 'Mehetabel', 'Kettie', 'Noelyn', 'Aubrette', 'Harriett', 'Karisa', 'Camille', 'Brenn']
['Ivie', 'Serena', 'Giralda', 'Jasmin', 'Pavla', 'Christina', 'Jaclyn', 'Ethelind', 'Joycelin', 'Kassia', 'Genna', 'Joannes', 'Lilla', 'Essa', 'Vanessa', 'Gwenette', 'Sheeree', 'Clemmy']
['Oliy', 'Hyacinth', 'Valerie', 'Sheena', 'Kinna', 'Fayth', 'Stefa', 'Misti', 'Ardine', 'Laraine', 'Costanza', 'Hatty', 'Jeralee', 'Corella', 'Lorna', 'Gussy', 'Mable', 'Ellie']
['Zita', 'Bria', 'Shayne', 'Heidie', 'Rebbecca', 'Inna', 'Shelby', 'Imogen', 'Callie', 'Feliza', 'Winifred', 'Ashli', 'Wilone', 'Flori', 'Lona', 'Natka', 'Tanhya', 'Debby']
['Licha', 'Analise', 'Denyse', 'Gigi', 'Loria', 'Lillis', 'Cristina', 'Reggi', 'Lettie', 'Ula', 'Lorinda', 'Kylen', 'Isabelle', 'Natalina', 'Kellen', 'Dolores', 'Katha', 'Gwendolen']
['Jeannie', 'Herminia', 'Tessy', 'Jeannette', 'Lori', 'Tova', 'Suellen', 'Patience', 'Carree', 'Lina', 'Shelli', 'Nicoli', 'Linette', 'Toma', 'Lisbeth', 'Merline', 'Lorena', 'Mia']
['Mariette', 'Mareah', 'Shelia', 'Veronike', 'Tressa', 'AnnaDiane', 'Henriette', 'Maryjo', 'Nerta', 'Billy', 'Constantina', 'Laureen', 'Jodi', 'Annie', 'Raye', 'Meris', 'Honey', 'Fawne']
['Garland', 'Rosina', 'Emilee', 'Arliene', 'Chelsea', 'Gayle', 'Melodie', 'Eddi', 'Fayina', 'Therine', 'Rosene', 'Wendeline', 'Shani', 'Deny', 'Miquela', 'Trista', 'Kathlin', 'Rosalind']
['Brigid', 'Madonna', 'Cynde', 'Tatiana', 'Nelia', 'Elisabet', 'Brandie', 'Heather', 'Laverne', 'Marley', 'Sephira', 'Jobina', 'Rosalinde', 'Rozanna', 'Midge', 'Pierrette', 'Pollyanna', 'Paula']
['Kata', 'Valentine', 'Prudi', 'Goldina', 'Evangeline', 'Patti', 'Sheree', 'Kay', 'Jacquenette', 'Lanni', 'Coretta', 'Carline', 'Laurice', 'Zorana', 'Courtnay', 'Yalonda', 'Nolana', 'Romonda']
['Eadie', 'Maddalena', 'AnnaDiana', 'Andree', 'Saundra', 'Edeline', 'Elayne', 'Ray', 'Danell', 'Sharron', 'Faith', 'Dayle', 'Lavinia', 'Una', 'Ashlen', 'Crystie', 'Marlyn', 'Ortensia']
['Gerianna', 'Thalia', 'Bobbie', 'Betteanne', 'Tanya', 'Goldi', 'Paulette', 'Frankie', 'Uta', 'Livia', 'Kacey', 'Verina', 'Laura', 'Ealasaid', 'Vin', 'Donella', 'Siobhan', 'Myrilla']
['Lorraine', 'Lois', 'Riannon', 'Shay', 'Milena', 'Madelin', 'Tiffani', 'Vickie', 'Kania', 'Nadine', 'Tammy', 'Renae', 'Annalee', 'Cecelia', 'Christin', 'Phil', 'Kelcey', 'Chrystel']
['Anjanette', 'Deeann', 'Lynnett', 'Kalindi', 'Meggy', 'Toni', 'Erinna', 'Joly', 'Joleen', 'Phedra', 'Tamarra', 'Liz', 'Mina', 'Johnette', 'Marjie', 'Pippy', 'Almeda', 'Raven']
['Jada', 'Jess', 'Megan', 'SheilaKathryn', 'Bibbie', 'Biddie', 'Genni', 'Harrie', 'Nevsa', 'Tamarah', 'Marice', 'Cordy', 'Sharla', 'Nomi', 'Ashely', 'Martguerita', 'Kiersten', 'Camilla']
['Pandora', 'Reeva', 'Zoe', 'Charis', 'Lita', 'Mariejeanne', 'Barbe', 'Jennica', 'Marla', 'Shayna', 'Carmelia', 'Erma', 'Jsandye', 'Constantia', 'Leona', 'Phillis', 'Sayre', 'Sheilah']
['Devinne', 'Evvy', 'Pia', 'Cate', 'Vilma', 'Moyra', 'Caryn', 'Gabriell', 'Madelyn', 'Chris', 'Willabella', 'Kippy', 'Renelle', 'Catina', 'Cherry', 'Nerissa', 'Arleyne', 'Lauretta']
['Avivah', 'Drucill', 'Debbie', 'Clari', 'Roseann', 'Emelina', 'Wilow', 'Alvina', 'Cayla', 'Eve', 'Kora', 'Tresa', 'Jessamyn', 'Sallyanne', 'Lindsy', 'Janey', 'Vivia', 'Madalena']
