['Lucio', 'Myron', 'Marla', 'Cesar', 'Alvin', 'Wendi', 'Danny', 'Jamel', 'Teddy', 'Elena', 'Joann', 'Rufus', 'Emily']
['Barry', 'Issac', 'Ervin', 'Melba', 'Perry', 'Tasha', 'Brent', 'Bette', 'Sally', 'Audra', 'Major', 'Timmy', 'Pearl']
['Mable', 'Allan', 'Mikel', 'Irvin', 'Wyatt', 'Darin', 'Amado', 'Peter', 'Dwain', 'Mitch', 'Tammi', 'Randy', 'Brant']
['Della', 'Emery', 'Karin', 'Viola', 'Chris', 'Helga', 'Aaron', 'Lorna', 'Annie', 'Sonny', 'Daron', 'Grant', 'Jason']
['Devin', 'Nelda', 'Aline', 'Casey', 'Gayle', 'Dario', 'Rhoda', 'Erick', 'Fritz', 'Tonia', 'Randi', 'Olive', 'Eddie']
['Terry', 'Sadie', 'Felix', 'Wally', 'Daisy', 'Edwin', 'Sheri', 'Brock', 'Sammy', 'Leann', 'Julio', 'Terri', 'Elvin']
['Zelma', 'David', 'Moses', 'Carly', 'Bryon', 'Renee', 'Maude', 'Dusty', 'Rusty', 'Wanda', 'Lanny', 'Misty', 'Tonya']
['Jayne', 'Janet', 'Josie', 'Laura', 'Avery', 'Joyce', 'Jared', 'Hilda', 'Leila', 'Orval', 'Jacob', 'Karen', 'Nancy']
['Julia', 'Tracy', 'Erika', 'Staci', 'Carla', 'Maria', 'Chong', 'Effie', 'Billy', 'Craig', 'Garry', 'Merle', 'Benny']
['Maura', 'Lydia', 'Cindy', 'Lauri', 'Jamar', 'Ilene', 'Kevin', 'Sandy', 'Sybil', 'Homer', 'Elvia', 'Alice', 'Twila']
['Naomi', 'Mitzi', 'Trent', 'Ebony', 'James', 'Buddy', 'Brian', 'Roxie', 'Willy', 'Clara', 'Cliff', 'Berta']
['Jaime', 'Ollie', 'Donny', 'Bruno', 'Vilma', 'Leroy', 'Marci', 'Corey', 'Wendy', 'Robyn', 'Robin', 'Percy']
['Candy', 'Doris', 'Leona', 'Cyrus', 'Nikki', 'Queen', 'Davis', 'Fidel', 'Shaun', 'Flora', 'Nadia', 'Clint']
['Ellen', 'Vicky', 'Margo', 'Bobbi', 'Essie', 'Elias', 'Mandy', 'Kathy', 'Shane', 'Tyron', 'Pedro', 'Verna']
['Becky', 'Bryan', 'Dixie', 'Ahmad', 'Elsie', 'Ariel', 'Clyde', 'Sonja', 'Linda', 'Hyman', 'Kelly', 'Adela']
['Jonah', 'Josef', 'Lorie', 'Chang', 'Hazel', 'Wilma', 'Bryce', 'Arlen', 'Dante', 'Mario', 'Amber', 'Roman']
['Adele', 'Tommy', 'Greta', 'Claud', 'Clark', 'Louis', 'Patti', 'Kirby', 'Mamie', 'Ruben', 'Deann', 'Pansy']
['Steve', 'Britt', 'Marcy', 'Holly', 'Rhett', 'Freda', 'Ronny', 'Erica', 'Alton', 'Tanya', 'Moshe', 'April']
['Elmer', 'Quinn', 'Kayla', 'Marty', 'Paige', 'Odell', 'Tessa', 'Katie', 'Mason', 'Lacey', 'Donna', 'Micah']
['Ernie', 'Roger', 'Malik', 'Basil', 'Lyman', 'Chase', 'Brady', 'Monty', 'Betsy', 'Janis', 'Debra', 'Sofia']
