['am', 'Gabriel', 'Leo', 'Roman', 'Tristan', 'Alex', 'Avery', 'Kyle', 'Cayden', 'Stephen']
['Noah', 'Anthony', 'Theodore', 'Jason', 'Ryder', 'Brody', 'Steven', 'Myles', 'Holden', 'Kameron']
['William', 'Isaac', 'Jeremiah', 'Santiago', 'Bennett', 'Malachi', 'Graham', 'Peter', 'Griffin', 'Tobias']
['James', 'Grayson', 'Hudson', 'Chase', 'George', 'Emmanuel', 'Kaleb', 'Charlie', 'Arthur', 'Manuel']
['Logan', 'Jack', 'Robert', 'Sawyer', 'Emmett', 'Jonah', 'Jasper', 'Kyrie', 'Leon', 'Amari']
['Benjamin', 'Julian', 'Easton', 'Gavin', 'Justin', 'Beau', 'Jesse', 'Thiago', 'Felix', 'Emerson']
['Mason', 'Levi', 'Nolan', 'Leonardo', 'Kai', 'Jude', 'Matteo', 'Brian', 'Remington', 'Louis']
['Elijah', 'Christopher', 'Nicholas', 'Kayden', 'Max', 'Antonio', 'Dean', 'Kenneth', 'Jake', 'Cody']
['Oliver', 'Joshua', 'Ezra', 'Ayden', 'Diego', 'Alan', 'Zayden', 'Andres', 'Killian', 'Finley']
['Jacob', 'Andrew', 'Colton', 'Jameson', 'Luca', 'Elliott', 'Preston', 'Lukas', 'Clayton', 'Iker']
['Lucas', 'Lincoln', 'Angel', 'Kevin', 'Ryker', 'Elliot', 'August', 'Aidan', 'Sean', 'Martin']
['Michael', 'Mateo', 'Brayden', 'Bentley', 'Carlos', 'Waylon', 'Oscar', 'Jax', 'Adriel', 'Rafael']
['Alexander', 'Ryan', 'Jordan', 'Zachary', 'Maxwell', 'Xander', 'Jeremy', 'Caden', 'Riley', 'Nash']
['Ethan', 'Jaxon', 'Dominic', 'Everett', 'Kingston', 'Timothy', 'Alejandro', 'Milo', 'Archer', 'Beckham']
['Daniel', 'Nathan', 'Austin', 'Axel', 'Ivan', 'Victor', 'Marcus', 'Paul', 'Legend', 'Cash']
['Matthew', 'Aaron', 'Ian', 'Tyler', 'Maddox', 'Bryce', 'Dawson', 'Beckett', 'Erick', 'Karson']
['Aiden', 'Isaiah', 'Adam', 'Micah', 'Juan', 'Finn', 'Lorenzo', 'Brady', 'Enzo', 'Rylan']
['Henry', 'Thomas', 'Elias', 'Vincent', 'Ashton', 'Brantley', 'Messiah', 'Colin', 'Corbin', 'Reid']
['Joseph', 'Charles', 'Jaxson', 'Weston', 'Jayce', 'Edward', 'Zion', 'Omar', 'Francisco', 'Theo']
['Jackson', 'Caleb', 'Greyson', 'Miles', 'Rowan', 'Abraham', 'Maximus', 'Bradley', 'Dallas', 'Ace']
['Samuel', 'Josiah', 'Jose', 'Wesley', 'Kaiden', 'Patrick', 'River', 'Javier', 'Emilio', 'Eduardo']
['Sebastian', 'Christian', 'Ezekiel', 'Nathaniel', 'Giovanni', 'Grant', 'Zane', 'Knox', 'Gunner']
['David', 'Hunter', 'Carson', 'Harrison', 'Eric', 'Karter', 'Mark', 'Jaden', 'Simon']
['Carter', 'Eli', 'Evan', 'Brandon', 'Jesus', 'Hayden', 'Brooks', 'Barrett', 'Andre']
['Wyatt', 'Jonathan', 'Maverick', 'Cole', 'Calvin', 'Richard', 'Nicolas', 'Israel', 'Walter']
['Jayden', 'Connor', 'Bryson', 'Declan', 'Abel', 'Miguel', 'Paxton', 'Matias', 'Damien']
['John', 'Landon', 'Jace', 'Luis', 'King', 'Joel', 'Judah', 'Jorge', 'Chance']
['Owen', 'Adrian', 'Cooper', 'Braxton', 'Camden', 'Gael', 'Emiliano', 'Zander', 'Phoenix']
['Dylan', 'Asher', 'Xavier', 'Damian', 'Amir', 'Tucker', 'Kaden', 'Derek', 'Colt']
['Luke', 'Cameron', 'Parker', 'Silas', 'Blake', 'Rhett', 'Bryan', 'Josue', 'Tanner']
