['Takia', 'Larrissa', 'Tashvi', 'Alyze', 'Ahnaya', 'Daxen', 'Dyami', 'Leighann', 'Tajuan', 'Jaleena', 'Renyah']
['Zykerria', 'Coraline', 'Aleiyah', 'Elway', 'Davidjr', 'Crystina', 'Merissa', 'Marrius', 'Shalonda', 'Maude', 'Matt']
['Kaeley', 'Shardae', 'Kenniyah', 'Jakelin', 'Litsy', 'Keemya', 'Kenzington', 'Fox', 'Handsome', 'Mylez', 'Griffon']
['Brydan', 'Anela', 'Dragon', 'Hannelore', 'Devaun', 'Dell', 'Jdan', 'Margie', 'Keili', 'Janesha', 'Mircale']
['Dereck', 'Saheim', 'Lilienne', 'Gunther', 'Merary', 'Elysha', 'Emilie', 'Ramses', 'Nidhi', 'Delara', 'Endi']
['Cliff', 'Taigen', 'Masud', 'Nayara', 'Amonti', 'Salif', 'Raeleigh', 'Noami', 'Apollonia', 'Jekeria', 'Mailen']
['Jayme', 'Kamora', 'Dessie', 'Ilyn', 'Keni', 'Natasia', 'Marifer', 'Kaeleen', 'Jailon', 'Vanesa', 'Kay']
['Alayasia', 'Charlize', 'Sevren', 'Marnae', 'Jaeline', 'Jahlen', 'Spartan', 'Thien', 'Kinzie', 'Citlally', 'Cisco']
['Mylie', 'Chyna', 'Jasiya', 'Sihaam', 'Ganon', 'Lailani', 'Niemah', 'Jamaad', 'Sevastian', 'Anastacio', 'Aryeh']
['Abaan', 'Zolin', 'Brenya', 'Jahred', 'Leib', 'Nethra', 'Siena', 'Bailynn', 'Nakari', 'Osmin', 'Noha']
['Khamil', 'Ricky', 'Aizik', 'Vyncent', 'Thaddius', 'Zuzanna', 'Byron', 'Prakruti', 'Cynae', 'Detravion', 'Aanyah']
['Camill', 'Zaahir', 'Shakila', 'Artyom', 'Kyo', 'Casandra', 'Salmaan', 'Keyvin', 'Shamaiya', 'Nakaya', 'Helaman']
['Rosalio', 'Abdulrehman', 'Jesus', 'Zahriyah', 'Antwane', 'Lukis', 'Deedra', 'Janine', 'Sheniyah', 'Lakiyah', 'Shamyia']
['Adanna', 'Sincere', 'Desteni', 'Dusan', 'Sashya', 'Tasi', 'Jirah', 'Katarina', 'Jameisha', 'Jemiah', 'Lealand']
['Johnavan', 'Mykaylah', 'Tobias', 'Sydelle', 'Ingrid', 'Jaquis', 'Jamear', 'Vinnie', 'Gauge', 'Kenzlie', 'Sinia']
['Nishta', 'Mumin', 'Gertrude', 'Jabes', 'Derionna', 'Stafford', 'Joed', 'Bow', 'Harlem', 'Arsalan', 'Kvaughn']
['Jarem', 'Cylah', 'Jamaine', 'Dhyan', 'Kayliann', 'Tanyla', 'Eeliyah', 'Tyannah', 'Jazir', 'Reynaldo', 'Rayne']
['Carsten', 'Aarohi', 'Mezmariah', 'Leilah', 'Jersi', 'Yonason', 'Kaira', 'Raphael', 'Anwesha', 'Kimball', 'Hayven']
['Meryl', 'Amor', 'Michai', 'Doyle', 'Zoiee', 'Anagha', 'Jeru', 'Ishmel', 'Sameeha', 'Akasha', 'Armita']
['Evia', 'Sussy', 'Dorcas', 'Yarisbel', 'Khalee', 'Gor', 'Britnee', 'Kaymi', 'Benito', 'Kaushik', 'Ally']
['Halo', 'Atika', 'Jatziry', 'Ettel', 'Yaire', 'Mckaylin', 'Donnelle', 'Ryleeann', 'Ailene', 'Orren', 'Khila']
['Marialy', 'Sanae', 'Fabrizzio', 'Shahid', 'Yarithza', 'Deriyon', 'Suri', 'Soriya', 'Aayana', 'Dajana', 'Ron']
['Elisah', 'Navia', 'Braeley', 'Makyra', 'Tobechi', 'Jamiyla', 'Denize', 'Abdoulaziz', 'Estephanie', 'Kameryn', 'Azavier']
['Ellarie', 'Tahir', 'Keyin', 'Aibhilin', 'Shanaiya', 'Zackrey', 'Quintasia', 'Nohely', 'Alaija', 'Jerriah', 'Gwendolynn']
['Kobe', 'Sagan', 'Giankarlo', 'Jerel', 'Jaleesa', 'Eleah', 'Hakop', 'Abriyana', 'Serra', 'Mikea', 'Ebany']
['Adaley', 'Adriene', 'Lizmari', 'Zinia', 'Azeriah', 'Azzareya', 'Amritha', 'Deidre', 'Giannie', 'Venezia', 'Malaja']
['Caliegh', 'Aley', 'Jophy', 'Miley', 'Alison', 'Treyonna', 'Serenety', 'Marck', 'Anadalay', 'Leni', 'Asa']
['Kalum', 'Dainen', 'Taye', 'Sayd', 'Jaquan', 'Liat', 'Coulson', 'Blaine', 'Kariana', 'Aysenur', 'Kemily']
['Chanze', 'Asha', 'Bright', 'Yavian', 'Dairon', 'Stefanny', 'Zamyah', 'Xaviel', 'Sharlene', 'Jax', 'Mariaelena']
['Basha', 'Terriona', 'Rohil', 'Farah', 'Hugo', 'Laticia', 'Ayahna', 'Kellon', 'Kirubel', 'Abdulraheem', 'Cyris']
['Seleen', 'Mikyla', 'Ancel', 'Jarrell', 'Carine', 'Jos', 'Gyzelle', 'Ameerah', 'Charlett', 'Nalaya']
['Samauri', 'Nakeya', 'Bristol', 'Liann', 'Jalilah', 'Deliany', 'Mikelle', 'Jalyiah', 'Farha', 'Antonin']
['Seiry', 'Jandre', 'Vedika', 'Rielly', 'Quentyn', 'Tralyn', 'Jaimarie', 'Tacori', 'Fe', 'Soniah']
['Demetreus', 'Avigail', 'Jovey', 'Jeremias', 'Jezzelle', 'Marik', 'Kaymarie', 'Shannel', 'Trenise', 'Cordai']
['Carena', 'Avielle', 'Milene', 'Adaisha', 'Eliziah', 'Brinleigh', 'Trinitey', 'Dhalia', 'Kirrah', 'Montana']
['Bailei', 'Khloee', 'Mylani', 'Rey', 'Adysen', 'Quintavious', 'Danyca', 'Natsumi', 'Rock', 'Trystian']
['Tafari', 'Isaak', 'Lada', 'Kairy', 'Tam', 'Amr', 'Mykenna', 'Mikaelah', 'Lilyonna', 'Shamiyah']
['Ori', 'Lauralynn', 'Eddieberto', 'Merlina', 'Kaleo', 'Jaydah', 'Kenzo', 'Emmanuela', 'Raymir', 'Coi']
['Artie', 'Nancy', 'Haya', 'Jesalyn', 'Aman', 'Delisha', 'Alainna', 'Michaell', 'Nitzia', 'Hesham']
['Lazaria', 'Jasahn', 'Shanell', 'Shiala', 'Taegan', 'Evangelyne', 'Marwan', 'Shy', 'Larry', 'Casondra']
['Daxx', 'Jebediah', 'Gracia', 'Colie', 'Thadius', 'Zayquan', 'Hashem', 'Shelbee', 'Keion', 'Oviya']
['Aylana', 'Guadalupe', 'Tayseer', 'Timia', 'Alyiana', 'Sabastion', 'Antrone', 'Iris', 'Anouk', 'Srinath']
['Kitty', 'Marcellius', 'Rexford', 'Andriy', 'Monserath', 'Tayyab', 'Satomi', 'Adeleine', 'Guy', 'Analiah']
['Jaaziah', 'Veena', 'Oluwatobi', 'Jema', 'Yajahira', 'Katalina', 'Inaki', 'Jomary', 'Dashun', 'Selena']
['Emree', 'Emmely', 'Lamariah', 'Lynia', 'Donnovan', 'Fidel', 'Treyson', 'Julia', 'Kapena', 'Tralaya']
['Olive', 'Kyston', 'Zyeir', 'Feven', 'Juliano', 'Dominika', 'Loni', 'Jacob', 'Alieyah', 'Hallei']
['Jamonte', 'Markise', 'Yu', 'Dea', 'Kensleigh', 'Chidi', 'Vivica', 'Marcellino', 'Cicily', 'Abhinav']
