['AAA', 'ABP', 'ADF', 'AEU', 'AGK', 'AIA', 'AJP', 'ALF', 'AMU', 'AOK', 'AQA', 'ARP', 'ATF']
['AAB', 'ABQ', 'ADG', 'AEV', 'AGL', 'AIB', 'AJQ', 'ALG', 'AMV', 'AOL', 'AQB', 'ARQ', 'ATG']
['AAC', 'ABR', 'ADH', 'AEW', 'AGM', 'AIC', 'AJR', 'ALH', 'AMW', 'AOM', 'AQC', 'ARR', 'ATH']
['AAD', 'ABS', 'ADI', 'AEX', 'AGN', 'AID', 'AJS', 'ALI', 'AMX', 'AON', 'AQD', 'ARS', 'ATI']
['AAE', 'ABT', 'ADJ', 'AEY', 'AGO', 'AIE', 'AJT', 'ALJ', 'AMY', 'AOO', 'AQE', 'ART', 'ATJ']
['AAF', 'ABU', 'ADK', 'AFA', 'AGP', 'AIF', 'AJU', 'ALK', 'ANA', 'AOP', 'AQF', 'ARU', 'ATK']
['AAG', 'ABV', 'ADL', 'AFB', 'AGQ', 'AIG', 'AJV', 'ALL', 'ANB', 'AOQ', 'AQG', 'ARV', 'ATL']
['AAH', 'ABW', 'ADM', 'AFC', 'AGR', 'AIH', 'AJW', 'ALM', 'ANC', 'AOR', 'AQH', 'ARW', 'ATM']
['AAI', 'ABX', 'ADN', 'AFD', 'AGS', 'AII', 'AJX', 'ALN', 'AND', 'AOS', 'AQI', 'ARX', 'ATN']
['AAJ', 'ABY', 'ADO', 'AFE', 'AGT', 'AIJ', 'AJY', 'ALO', 'ANE', 'AOT', 'AQJ', 'ARY', 'ATO']
['AAK', 'ACA', 'ADP', 'AFF', 'AGU', 'AIK', 'AKA', 'ALP', 'ANF', 'AOU', 'AQK', 'ASA', 'ATP']
['AAL', 'ACB', 'ADQ', 'AFG', 'AGV', 'AIL', 'AKB', 'ALQ', 'ANG', 'AOV', 'AQL', 'ASB', 'ATQ']
['AAM', 'ACC', 'ADR', 'AFH', 'AGW', 'AIM', 'AKC', 'ALR', 'ANH', 'AOW', 'AQM', 'ASC', 'ATR']
['AAN', 'ACD', 'ADS', 'AFI', 'AGX', 'AIN', 'AKD', 'ALS', 'ANI', 'AOX', 'AQN', 'ASD', 'ATS']
['AAO', 'ACE', 'ADT', 'AFJ', 'AGY', 'AIO', 'AKE', 'ALT', 'ANJ', 'AOY', 'AQO', 'ASE', 'ATT']
['AAP', 'ACF', 'ADU', 'AFK', 'AHA', 'AIP', 'AKF', 'ALU', 'ANK', 'APA', 'AQP', 'ASF', 'ATU']
['AAQ', 'ACG', 'ADV', 'AFL', 'AHB', 'AIQ', 'AKG', 'ALV', 'ANL', 'APB', 'AQQ', 'ASG', 'ATV']
['AAR', 'ACH', 'ADW', 'AFM', 'AHC', 'AIR', 'AKH', 'ALW', 'ANM', 'APC', 'AQR', 'ASH', 'ATW']
['AAS', 'ACI', 'ADX', 'AFN', 'AHD', 'AIS', 'AKI', 'ALX', 'ANN', 'APD', 'AQS', 'ASI', 'ATX']
['AAT', 'ACJ', 'ADY', 'AFO', 'AHE', 'AIT', 'AKJ', 'ALY', 'ANO', 'APE', 'AQT', 'ASJ', 'ATY']
['AAU', 'ACK', 'AEA', 'AFP', 'AHF', 'AIU', 'AKK', 'AMA', 'ANP', 'APF', 'AQU', 'ASK']
['AAV', 'ACL', 'AEB', 'AFQ', 'AHG', 'AIV', 'AKL', 'AMB', 'ANQ', 'APG', 'AQV', 'ASL']
['AAW', 'ACM', 'AEC', 'AFR', 'AHH', 'AIW', 'AKM', 'AMC', 'ANR', 'APH', 'AQW', 'ASM']
['AAX', 'ACN', 'AED', 'AFS', 'AHI', 'AIX', 'AKN', 'AMD', 'ANS', 'API', 'AQX', 'ASN']
['AAY', 'ACO', 'AEE', 'AFT', 'AHJ', 'AIY', 'AKO', 'AME', 'ANT', 'APJ', 'AQY', 'ASO']
['ABA', 'ACP', 'AEF', 'AFU', 'AHK', 'AJA', 'AKP', 'AMF', 'ANU', 'APK', 'ARA', 'ASP']
['ABB', 'ACQ', 'AEG', 'AFV', 'AHL', 'AJB', 'AKQ', 'AMG', 'ANV', 'APL', 'ARB', 'ASQ']
['ABC', 'ACR', 'AEH', 'AFW', 'AHM', 'AJC', 'AKR', 'AMH', 'ANW', 'APM', 'ARC', 'ASR']
['ABD', 'ACS', 'AEI', 'AFX', 'AHN', 'AJD', 'AKS', 'AMI', 'ANX', 'APN', 'ARD', 'ASS']
['ABE', 'ACT', 'AEJ', 'AFY', 'AHO', 'AJE', 'AKT', 'AMJ', 'ANY', 'APO', 'ARE', 'AST']
['ABF', 'ACU', 'AEK', 'AGA', 'AHP', 'AJF', 'AKU', 'AMK', 'AOA', 'APP', 'ARF', 'ASU']
['ABG', 'ACV', 'AEL', 'AGB', 'AHQ', 'AJG', 'AKV', 'AML', 'AOB', 'APQ', 'ARG', 'ASV']
['ABH', 'ACW', 'AEM', 'AGC', 'AHR', 'AJH', 'AKW', 'AMM', 'AOC', 'APR', 'ARH', 'ASW']
['ABI', 'ACX', 'AEN', 'AGD', 'AHS', 'AJI', 'AKX', 'AMN', 'AOD', 'APS', 'ARI', 'ASX']
['ABJ', 'ACY', 'AEO', 'AGE', 'AHT', 'AJJ', 'AKY', 'AMO', 'AOE', 'APT', 'ARJ', 'ASY']
['ABK', 'ADA', 'AEP', 'AGF', 'AHU', 'AJK', 'ALA', 'AMP', 'AOF', 'APU', 'ARK', 'ATA']
['ABL', 'ADB', 'AEQ', 'AGG', 'AHV', 'AJL', 'ALB', 'AMQ', 'AOG', 'APV', 'ARL', 'ATB']
['ABM', 'ADC', 'AER', 'AGH', 'AHW', 'AJM', 'ALC', 'AMR', 'AOH', 'APW', 'ARM', 'ATC']
['ABN', 'ADD', 'AES', 'AGI', 'AHX', 'AJN', 'ALD', 'AMS', 'AOI', 'APX', 'ARN', 'ATD']
['ABO', 'ADE', 'AET', 'AGJ', 'AHY', 'AJO', 'ALE', 'AMT', 'AOJ', 'APY', 'ARO', 'ATE']
