['Carson', 'Darwin', 'Toya', 'Savanna', 'Kimbra', 'Marcella', 'Kim', 'Kris', 'Marcie', 'Darrel', 'Almeta', 'Dorthea']
['Nicole', 'Eugene', 'Elena', 'Lilly', 'Irma', 'Hillary', 'Rosalee', 'Jacque', 'Russell', 'Janetta', 'Trey', 'Vada']
['Yevette', 'Horace', 'Ema', 'Lue', 'Rachael', 'Debora', 'Vivien', 'Johnny', 'Kareem', 'Clarinda', 'Antonina', 'Leonida']
['Byron', 'Tiffani', 'Hiroko', 'Son', 'Kitty', 'Oscar', 'Theo', 'Lizabeth', 'Florinda', 'Nickolas', 'Lisa', 'Herlinda']
['Sharlene', 'Zena', 'Loura', 'Laticia', 'Chun', 'Miranda', 'Rosalba', 'Sharilyn', 'Audie', 'Mariah', 'Junior', 'Leonard']
['Hilario', 'Kendall', 'Eve', 'Alton', 'Ocie', 'Treena', 'Grant', 'Renetta', 'Stanley', 'Isabel', 'Jae', 'Stanford']
['Kurtis', 'Rachel', 'Helene', 'Winford', 'Kasey', 'Marlo', 'Travis', 'Altagracia', 'Jesus', 'Loria', 'Christiane', 'Jeanette']
['Chan', 'Alexa', 'Lamonica', 'Doyle', 'Garland', 'Jeffrey', 'Ella', 'Edmond', 'Marion', 'Jama', 'Esperanza', 'Milissa']
['Zoraida', 'Millicent', 'Sharell', 'Caitlyn', 'Naida', 'Alane', 'Wes', 'Imogene', 'Lyn', 'Clarice', 'Deirdre', 'Pa']
['Marvin', 'Felix', 'Earnest', 'Lasonya', 'Eustolia', 'Joelle', 'Bertha', 'Pearlie', 'Freddie', 'Tanisha', 'Tammi', 'Susannah']
['Tarah', 'Cortney', 'Oneida', 'Shonda', 'Marquis', 'Leila', 'Jami', 'Jay', 'Percy', 'Neida', 'Tyisha', 'Juliet']
['Ok', 'Refugio', 'Ron', 'Reita', 'Tamisha', 'Glenda', 'German', 'Sharan', 'Sharla', 'Harvey', 'Brendon']
['Piedad', 'Whitney', 'Cassie', 'Gisela', 'Emmanuel', 'Irena', 'Michaela', 'Nathalie', 'Alexandra', 'Cristi', 'Allena']
['Annabel', 'Claudie', 'Dusti', 'Destiny', 'Stephani', 'Adah', 'Hassan', 'Nadia', 'Merrill', 'Terry', 'Oma']
['Kristopher', 'Marquitta', 'Danita', 'Phylis', 'Carolee', 'Delmar', 'Nieves', 'Oswaldo', 'Hui', 'Jennie', 'Elliott']
['Jeremy', 'Madison', 'An', 'Margart', 'Marvis', 'Vernia', 'Leilani', 'Florencio', 'Naomi', 'Frederic', 'Ambrose']
['Tressa', 'Dong', 'Kay', 'Odell', 'Rolando', 'Rodrigo', 'Alvin', 'Hortense', 'Alfred', 'Kirstin', 'Shavon']
['Angeline', 'Carmon', 'Sherwood', 'Antoinette', 'Raul', 'Flavia', 'Lauren', 'Lucia', 'June', 'Murray', 'Danial']
['Clinton', 'Tina', 'Lana', 'Latia', 'Valorie', 'Glenna', 'Marilynn', 'Elfrieda', 'Vincenzo', 'Selma', 'Elvie']
['Deana', 'Xuan', 'Kyung', 'Shelton', 'Joan', 'Chas', 'Logan', 'Dagmar', 'Dora', 'Tai', 'Angella']
['Kristi', 'Inga', 'Joanne', 'Aaron', 'Elicia', 'Charmaine', 'Verona', 'Hershel', 'In', 'Renea', 'Clyde']
['Marci', 'Clifton', 'Martin', 'Dewitt', 'Robert', 'Jina', 'Clara', 'Tameika', 'Artie', 'Vernon', 'Hyun']
['Clarence', 'Xavier', 'Elvia', 'Roxane', 'Alicia', 'Trena', 'Porter', 'Lashay', 'Latoya', 'Lyndon', 'Shaun']
['Darnell', 'Gerardo', 'Alethia', 'Kylie', 'Dewayne', 'Orval', 'Chang', 'Fanny', 'Leontine', 'Taneka', 'Marcos']
['Princess', 'Beverley', 'Bonnie', 'Claretha', 'Charisse', 'Meagan', 'Hayden', 'Sheldon', 'Osvaldo', 'Antonette', 'Anabel']
['Mariette', 'Clarissa', 'Rima', 'Laraine', 'Alvera', 'Alex', 'Riley', 'Camelia', 'Elenora', 'Mariano', 'Randall']
['Dorene', 'Jan', 'Garret', 'Amada', 'Raleigh', 'Eloisa', 'Gerard', 'Chester', 'Loren', 'Tamala', 'Rita']
['Saul', 'Lucas', 'Louella', 'Randa', 'Honey', 'Lezlie', 'Lola', 'Eufemia', 'Chance', 'Houston', 'Susan']
['Olevia', 'Heide', 'Jade', 'Retta', 'Jefferey', 'Annamarie', 'Griselda', 'Enola', 'Joye', 'Dion', 'Nohemi']
['Pinkie', 'Ryann', 'Lorelei', 'Arcelia', 'Tracie', 'Aretha', 'Kelly', 'Cleotilde', 'Louise', 'Spencer', 'Easter']
