['ADP', 'AAG', 'ABX', 'AFB', 'ALW', 'AQK', 'APQ', 'AKY', 'ALZ', 'ACN', 'ACK', 'ABI', 'AJI', 'AEP', 'ABU', 'ACO', 'AKN', 'ALT', 'AIS']
['AEY', 'AJH', 'AAK', 'AKR', 'AAE', 'ALC', 'AIC', 'AKT', 'ALA', 'ANG', 'ANP', 'AOP', 'ABK', 'ANM', 'AIL', 'AEK', 'AML', 'AGR', 'AEV']
['AGE', 'AQD', 'AQH', 'AGO', 'ACC', 'AME', 'AKD', 'ABS', 'AOM', 'ADI', 'AKO', 'AON', 'ABV', 'ADO', 'AHV', 'AHD', 'ALB', 'ALG', 'ALY']
['AKB', 'APK', 'AKP', 'AEF', 'AMT', 'ACG', 'AIG', 'AKU', 'ACZ', 'AJZ', 'ALF', 'ABC', 'AFG', 'AJD', 'AFK', 'ABG', 'AKK', 'AFO', 'ALE']
['ALM', 'ACM', 'AMJ', 'AHX', 'AIV', 'ANU', 'AFM', 'ALR', 'ANI', 'AAM', 'ALX', 'ANQ', 'AEN', 'AHO', 'AGA', 'ANV', 'AOA', 'AOR', 'AOU']
['ANO', 'AOW', 'AMQ', 'AHN', 'ADR', 'API', 'APX', 'AHC', 'ABB', 'ALI', 'APH', 'AAU', 'AER', 'AHB', 'ABJ', 'AOZ', 'AOV', 'AHJ', 'AIN']
['AOD', 'AAD', 'AFH', 'AFU', 'AIU', 'ABA', 'AMI', 'AEQ', 'AAZ', 'AFX', 'AOY', 'ADH', 'ALJ', 'AOE', 'ABF', 'ALU', 'AEW', 'AIO', 'AOS']
['ALQ', 'AQJ', 'ANT', 'APE', 'AFC', 'ADX', 'AMO', 'AII', 'AHW', 'AJK', 'ACR', 'AFF', 'AGP', 'AIT', 'APL', 'APV', 'AQB', 'ALK', 'AJS']
['ACP', 'AMY', 'AIP', 'ACV', 'ACI', 'AGT', 'AQC', 'AAH', 'AKW', 'AJO', 'AGJ', 'AEI', 'AFP', 'ALD', 'AEZ', 'APR', 'ADC', 'ACH', 'AMG']
['AMB', 'ADW', 'APC', 'AED', 'AOK', 'AGH', 'ALP', 'AIM', 'ADE', 'AKJ', 'ANA', 'AHP', 'ABE', 'AHG', 'AHL', 'ALS', 'AKV', 'AHR', 'AND']
['APD', 'AJJ', 'AAJ', 'AOT', 'AKL', 'AGQ', 'AAY', 'AID', 'AGB', 'AIA', 'ANJ', 'AAA', 'AAQ', 'AOF', 'AMZ', 'AIQ', 'ACF', 'ADM', 'ACA']
['AOQ', 'AIK', 'APG', 'AGY', 'APF', 'AAX', 'AHY', 'AHU', 'AMA', 'AGF', 'ADD', 'ABR', 'AOG', 'AHE', 'AFV', 'ANR', 'AGW', 'ACY', 'AAL']
['AMM', 'AQA', 'AJT', 'ABH', 'AIH', 'AAC', 'ANK', 'ALV', 'ABP', 'AEH', 'ADV', 'ANE', 'AJP', 'AES', 'ACB', 'ABW', 'AJY', 'AEO', 'AGV']
['ACD', 'AHK', 'ANH', 'ADU', 'AOH', 'AAV', 'ADQ', 'AIF', 'AFA', 'ADB', 'AMS', 'AJM', 'AFY', 'AHF', 'AEA', 'AFT', 'AOC', 'AMH', 'APZ']
['APJ', 'APN', 'AJQ', 'APW', 'APT', 'AFJ', 'AQG', 'AFL', 'ADY', 'AKG', 'ACU', 'AKA', 'AGZ', 'AGD', 'ACL', 'AEE', 'ALH', 'AMX', 'AKM']
['AEG', 'AGN', 'AQL', 'ANF', 'AEB', 'AJU', 'AMV', 'AIX', 'AAB', 'AMW', 'AIZ', 'AKS', 'AFQ', 'AGL', 'APS', 'ABY', 'APM', 'AJW', 'APU']
['AET', 'ABZ', 'AEU', 'ANN', 'AJG', 'AFN', 'AIY', 'AKQ', 'ANX', 'AHH', 'AKZ', 'AFZ', 'AGI', 'ACE', 'AJE', 'AOI', 'ANC', 'AFR', 'AAP']
['ADL', 'AAS', 'ADN', 'ABM', 'AAT', 'AHQ', 'AMP', 'AKC', 'AHS', 'AJX', 'AGM', 'AMC', 'ALL', 'AEJ', 'AOJ', 'AGU', 'AGS', 'AMF']
['ALO', 'AOX', 'ANS', 'ADK', 'AMR', 'AAN', 'AFI', 'AKH', 'APA', 'AIJ', 'ABL', 'AHZ', 'AHI', 'ACW', 'APO', 'ADZ', 'AKE', 'AIW']
['AAW', 'AFS', 'AIB', 'AFE', 'AMN', 'ADJ', 'ACT', 'AEM', 'ADF', 'APY', 'ABQ', 'ACQ', 'ABN', 'ADT', 'AQO', 'AJN', 'AOO', 'AGX']
['AHA', 'ANZ', 'AEC', 'AJL', 'AKI', 'ANL', 'AMU', 'APB', 'ADG', 'AOB', 'AAI', 'ANB', 'APP', 'AKF', 'AQF', 'AKX', 'ADA', 'AIR']
['AQN', 'AAR', 'AFD', 'AQI', 'AIE', 'ABT', 'AJC', 'AAO', 'ACS', 'AOL', 'AGG', 'ALN', 'AGK', 'AGC', 'AJB', 'ANW', 'ACX', 'AAF']
['AJR', 'AQE', 'AHM', 'ANY', 'AMK', 'AQM', 'AJV', 'ABO', 'ACJ', 'AJF', 'AEL', 'AHT', 'AEX', 'AJA', 'AMD', 'ADS', 'AFW', 'ABD']
