['QQCGU', 'LQGAI', 'CZQAC', 'SMDTK', 'UXUZX', 'PEIBF', 'POXWS', 'RQZDB', 'NMUXG', 'YTXXV', 'XYABI', 'XQQNM', 'RLKNU', 'WMAOH', 'SLHLJ', 'IOHXF', 'PCOTH', 'SEVGN']
['ZMCMD', 'DFZLH', 'YPSZJ', 'HOCJP', 'RSFHX', 'HAYKV', 'IXEZM', 'BFHEV', 'VQTXV', 'QNXTS', 'FMFZO', 'RRDGL', 'DZGQX', 'HKSDK', 'UHIOD', 'DREMQ', 'NTGQJ', 'VKBEF']
['FXFHY', 'FKMPO', 'AZDHE', 'DTPHQ', 'BEFRL', 'UDFVU', 'PHXOS', 'LQJNK', 'VLACB', 'BCTKV', 'QHQUF', 'FWTXB', 'UOYAH', 'RVMXY', 'UHFXM', 'BSOUP', 'VHWPC', 'IBFSE']
['CYVWU', 'TKEWX', 'XQYCU', 'ROVKN', 'SUEUT', 'XGCQB', 'FCFIW', 'VNIQM', 'JDDRN', 'SACPU', 'IVYZR', 'NHZCJ', 'CALHI', 'MQEVZ', 'ZNTDR', 'TMCLZ', 'CASYZ', 'BCKDA']
['LCGFN', 'UQJJY', 'TPIXY', 'MUUIL', 'MTXFY', 'FRHWO', 'CSILO', 'QFSQF', 'FHCPP', 'XMZUX', 'ERXLL', 'OJTYX', 'FIUZZ', 'STJMV', 'PBAWW', 'FESAS', 'PARXO', 'VGTYI']
['AUIRW', 'VXNNV', 'TLAOJ', 'IQLHD', 'CXMEP', 'PBEOM', 'YKOFS', 'JGIMA', 'GKYTD', 'YTTKI', 'UEFBC', 'YYNPW', 'DWCIC', 'FYAYI', 'VVMSW', 'DNOMK', 'BKFQR', 'IYGUJ']
['IHIWD', 'QMJUD', 'TQUPW', 'XMJJP', 'PKECO', 'YVMFJ', 'HGAWC', 'OPZLD', 'ZRLGV', 'JLETC', 'VQUBW', 'MQWLN', 'XOUQG', 'KGDBH', 'PUWYW', 'YRTTG', 'KDMQW', 'JPWDA']
['LYSRO', 'SSZXS', 'UTYHJ', 'AALPZ', 'VUTIQ', 'SUNJN', 'ZYEMW', 'BXGAG', 'SYRST', 'DJQYY', 'NCXIY', 'WEYKU', 'IPMBX', 'XTFTT', 'VMRKJ', 'IUTYE', 'ZPWCF', 'VSEBO']
['NCWPX', 'CWZDH', 'ZMWJB', 'SOVUQ', 'ZOHDS', 'NHBOU', 'CZNRV', 'GKOUL', 'FYSSP', 'GKPPL', 'PPGSA', 'YQBLY', 'HXGTU', 'BBDFQ', 'NCCJD', 'UNSUE', 'CWKNX', 'KTXRI']
['RCWOS', 'TWVAR', 'JECON', 'LVMLT', 'NZAXS', 'BHFJC', 'VZNGS', 'NLQQX', 'KCPYN', 'KDZDK', 'NMWYK', 'GPKTZ', 'RRFYM', 'PADSR', 'JAGAT', 'EXSFL', 'METWY', 'XDBSH']
['JFKWJ', 'STZIM', 'SPROB', 'FBZDZ', 'GUJWH', 'PRFNT', 'WTMZW', 'SEUJM', 'HIBFR', 'EFRTR', 'VFXSF', 'DFNDO', 'RAAAY', 'VGWZF', 'JCTBB', 'JCAYK', 'IEEVC', 'LPRGT']
['QSIZR', 'ZRFKN', 'KEUTQ', 'HUNXU', 'RWIWJ', 'PAVOS', 'PQEKQ', 'HVAAR', 'BREAU', 'EPEAQ', 'BWKXY', 'PREHL', 'SWZLI', 'GPHCZ', 'JMNIF', 'KSGPB', 'LHFOM', 'PKUWP']
['XQUPB', 'AIWJE', 'BHECC', 'XIGOI', 'GUJWW', 'QUGAX', 'JLTJR', 'GNDQJ', 'OYLVF', 'OHEWR', 'JPLIB', 'QJRDV', 'MCVPN', 'XGXRC', 'CTLHM', 'CRKWH', 'PPAYR', 'UMQSO']
['WHBFR', 'SCMKV', 'EBQJA', 'WNDOP', 'EIREK', 'MMHOG', 'KFWQL', 'JXKSJ', 'WTAGZ', 'XADCG', 'ENWEC', 'CCHLM', 'TARGC', 'VUZHE', 'QBYJR', 'LCYZY', 'GKLKQ', 'ALNHK']
['VFWVV', 'LMDUZ', 'NPJSC', 'QVEIA', 'MSZXR', 'SHEUT', 'XZTVE', 'OYGNB', 'DQJYE', 'EIALG', 'EHCWU', 'WEDAM', 'BBIGY', 'FSYHN', 'KCWNV', 'IPLJJ', 'JRNKY', 'FIBZD']
['RMHZI', 'DOYMU', 'OBCSZ', 'USRDK', 'PUFAY', 'KIEKF', 'QFZCO', 'MRNHH', 'UDEWT', 'OMNEY', 'PDNXQ', 'YIQHC', 'HAKPT', 'YPRRC', 'UYUIP', 'PDSZU', 'VBXTL', 'LMZAF']
['QSAIM', 'JEHBC', 'ZCMCP', 'TJFHX', 'WLODL', 'SIWEE', 'QYCKH', 'RWOPE', 'RNMID', 'PUJOM', 'EFPNV', 'JTKTH', 'AQEWE', 'XYVAU', 'QACAX', 'JCWPV', 'POYSB']
['VUPAV', 'HAPCQ', 'EXERI', 'FRVNO', 'GDZSX', 'LBYAL', 'FKSNY', 'VLXZD', 'WGNBW', 'EWIJA', 'VNNEP', 'KEPXD', 'PSMNV', 'LRCXZ', 'AXICB', 'LGPGN', 'BXGFY']
['NKLCQ', 'YHWVK', 'SDCRN', 'AHXXM', 'ABAQL', 'NLQWV', 'ZUYFN', 'YSBTR', 'YVULZ', 'URMYA', 'CYMCE', 'GRUYQ', 'AAEBS', 'QZGLO', 'TLKIE', 'EGYBS', 'NLPHM']
['NZQNY', 'KXFFP', 'FLAIE', 'MCXWP', 'TYYLF', 'RSYQC', 'ELBRQ', 'KBDMG', 'JFOPY', 'UMQRP', 'SAOVB', 'KEDYT', 'RKMOC', 'NKEPZ', 'XPMAC', 'JJDHO', 'VKHOX']
['BMNGE', 'CSGGY', 'LFYYV', 'TDICM', 'DYIYS', 'NSSHB', 'VSARS', 'GZWND', 'MIMWO', 'KZBFF', 'QJUJE', 'IAASE', 'GAQXI', 'EYYNC', 'AEHLI', 'GJYBX', 'XOUQM']
['RISKG', 'ABQJV', 'AEXQY', 'OZSQX', 'TEYRZ', 'VZFUK', 'CHCYT', 'GJCQK', 'QMBKL', 'FIPGX', 'DAPHY', 'ENHUS', 'LESUW', 'GPAYG', 'TPIHD', 'MLWLT', 'VCMUY']
['JGBOH', 'DBPXU', 'FQYNK', 'OXZCV', 'CYRFR', 'NZQKM', 'REVQE', 'OVNTP', 'YMAKV', 'DDGZR', 'JGGQM', 'ILRGH', 'IYMNE', 'QXETJ', 'OEEYW', 'WZJYQ', 'JMPSL']
['BOOKC', 'NNLIE', 'SURGB', 'ZKMSA', 'WNGHY', 'RZJZX', 'VYUHL', 'UZTYA', 'DOXUP', 'GBEQY', 'RMNKI', 'FWKYL', 'REFDA', 'WAZOJ', 'ZSYGC', 'HZGVK', 'EAHZI']
['TIZZI', 'NRRFB', 'WWCYP', 'NEQMO', 'QBGLN', 'DRVVY', 'GRIBM', 'GFWZF', 'ADKIG', 'XHKTV', 'LYFLA', 'ZOVBE', 'FMMZU', 'RFDDK', 'FFZNI', 'HKBNA', 'OENOT']
['WFPUN', 'SEJRA', 'VISUM', 'NGBWQ', 'DPJHM', 'KRMMY', 'KQZVU', 'VWLQP', 'DUQLN', 'MBBZL', 'DBXJE', 'SLYUO', 'SPSXT', 'XVOGO', 'ZLMYN', 'AXIHL', 'BVKPC']
['FPFHY', 'JWNLZ', 'FIIIX', 'TJLUN', 'PPBBM', 'YTVYR', 'QLDQR', 'LEYDX', 'WNBOI', 'CRSZF', 'RUSXV', 'GAUGX', 'LJQBN', 'ASGXO', 'UTQPU', 'BNPMH', 'IDOHH']
['GUGKR', 'DWGDE', 'RDCHE', 'GXAOE', 'SSWHW', 'UPNVV', 'TJTMV', 'FSIEJ', 'ZXEUD', 'GWEZA', 'ELRTK', 'XLWDU', 'ZNEQL', 'PQYKQ', 'HDFES', 'ZZKGQ', 'XBVDI']
