['Tine', 'Everick', 'Dietrich', 'Eleni', 'Hillel', 'Berner', 'Faunia', 'Dumas', 'Ammadis', 'Cherry', 'Hett', 'Delinda', 'Fausta', 'Grath', 'Lotus', 'Jeniece', 'Hanway', 'Fredkin', 'Costin', 'Feinstein', 'Ted', 'Karie', 'Clovah', 'Ebba', 'Koetke']
['Klute', 'Smukler', 'Tiphane', 'Salomi', 'Winebaum', 'Danuloff', 'Cardwell', 'Maribel', 'Janaya', 'Galligan', 'Cloots', 'Dowlen', 'Krystalle', 'Nisse', 'Maude', 'Mitchiner', 'Tristam', 'Mushro', 'Moyers', 'Atkins', 'Ches', 'Eldwen', 'Tutankhamen', 'Mackenzie', 'Kylah']
['Bhayani', 'Caines', 'Tennes', 'Flieger', 'Lenhart', 'Ratcliffe', 'Darsie', 'Tay', 'Henrique', 'Clea', 'Turrell', 'Holofernes', 'Prebo', 'Puklich', 'Norean', 'Ashling', 'Nath', 'Shelbi', 'Ruhnke', 'Barsky', 'Edrick', 'Till', 'Enid', 'Rooke', 'Durante']
['Padget', 'Zobe', 'Berneta', 'Micheal', 'Hakim', 'Marilou', 'Marijn', 'Ebneter', 'Evangeline', 'Nicolis', 'Scherman', 'Odin', 'Clere', 'Schnabel', 'Shepp', 'Love', 'Shea', 'Glenn', 'Vikky', 'Questa', 'Jehiel', 'Groh', 'Uchida', 'Midian', 'Kanya']
['Lacy', 'Delila', 'Kaufmann', 'Mokas', 'Hamlin', 'Serafine', 'Gombosi', 'Genie', 'Benilda', 'Stephenson', 'Holey', 'Watson', 'Wight', 'Cristiona', 'Cataldo', 'Debera', 'Harriet', 'Biggs', 'Felicie', 'Higgs', 'Rue', 'Flo', 'Crompton', 'Epstein', 'Gibun']
['Anuska', 'Mikol', 'Ber', 'Elberta', 'Avril', 'Davidde', 'Matthew', 'Melda', 'Marina', 'Mansoor', 'Bounds', 'Sosanna', 'Balliett', 'Proudfoot', 'Emelita', 'Noyes', 'Hako', 'Yasu', 'Weirick', 'Janerich', 'Kimon', 'Alvinia', 'Cheria', 'McCullough', 'Uzzia']
['Latimer', 'Tavy', 'Agosto', 'Beaver', 'Mauchi', 'Ginzburg', 'Carrillo', 'Swanhilda', 'McKinney', 'Lynnelle', 'Basso', 'Bruns', 'Larson', 'Rocray', 'Lindell', 'Marijo', 'Larry', 'Carter', 'Holton', 'Harmony', 'Lux', 'Lyle', 'Darrow', 'Vevay', 'Dulcea']
['Burkhart', 'Sandeep', 'Antonetta', 'Letta', 'Hadleigh', 'Rodolphe', 'Buckler', 'Yarvis', 'Harland', 'Starinsky', 'Stearns', 'Hayyim', 'Nance', 'Nessy', 'Eno', 'Elmira', 'Sachi', 'Australia', 'Carlick', 'Dearman', 'Lenes', 'Sandstrom', 'Adaurd', 'Willetta', 'Pontius']
['Woodhead', 'Thorman', 'Elburr', 'Tillford', 'Monahan', 'Eudocia', 'Robbin', 'Barby', 'Franek', 'Sheeran', 'Charin', 'Wistrup', 'Leanna', 'Winer', 'Nannette', 'Osrick', 'Malo', 'Oakes', 'Cal', 'Dott', 'Rombert', 'Utas', 'Montagna', 'Mathur', 'Danita']
['Grimona', 'Cicely', 'Vesta', 'Corkhill', 'Cavallaro', 'Hannover', 'Griswold', 'Aviv', 'Woo', 'Brazee', 'Hook', 'Birck', 'Barnett', 'Coumas', 'Lon', 'Crean', 'McIntosh', 'Lentha', 'Ardys', 'Nari', 'Lunetta', 'Fadiman', 'Clymer', 'Meingolda', 'Freddy']
['Risteau', 'Bui', 'Sumer', 'Dela', 'Knute', 'Ashman', 'Jenkel', 'Udell', 'Zandt', 'Fabrice', 'Matthaeus', 'Hillegass', 'Colly', 'Gwenette', 'Brittnee', 'Reste', 'Dett', 'Chaddie', 'Japeth', 'Grochow', 'Wing', 'Plantagenet', 'Morville', 'Tonya', 'Astto']
['Zelma', 'Gillian', 'Bevon', 'Jessalin', 'Farro', 'Doroteya', 'Acacia', 'Eilis', 'Lamson', 'Merola', 'Rani', 'Jenness', 'Baldridge', 'Bernj', 'Kassi', 'Hawger', 'Livingston', 'Adolphus', 'Binette', 'Neva', 'Dare', 'Kronick', 'Willis', 'Ace', 'Fast']
['Ardehs', 'Chae', 'Dotson', 'Balling', 'Moonier', 'Leod', 'Gerianne', 'Hankins', 'Vonni', 'Nanette', 'Myrvyn', 'Gunn', 'Cutty', 'Ferro', 'Shannah', 'Dole', 'Girovard', 'Saylor', 'Damon', 'Saudra', 'Fillender', 'Jimmy', 'Fitz', 'Auroora', 'Leiser']
['Rhonda', 'Joed', 'Safire', 'Jason', 'Tarkany', 'Vaish', 'Ottinger', 'Karlise', 'Won', 'Perloff', 'Worlock', 'Milore', 'Fairfax', 'Felise', 'Ruyle', 'Verras', 'Alf', 'Oscar', 'Hermon', 'Kile', 'Blasius', 'Fokos', 'Derinna', 'Fifine', 'Paulita']
['Shanly', 'Selma', 'Bran', 'Jori', 'Girardo', 'Formenti', 'Katzir', 'Lawler', 'Prince', 'Nestor', 'Halimeda', 'Arianna', 'Hardej', 'Billy', 'Ursola', 'Jobyna', 'Virginia', 'Ultun', 'Foulk', 'Newton', 'Minda', 'Saxen', 'Erlewine', 'Ferullo', 'McClimans']
['Lombardi', 'Cerracchio', 'Hittel', 'Ashford', 'Pinto', 'Buxton', 'Chancellor', 'Uta', 'Javler', 'Busey', 'Summons', 'Manaker', 'Toh', 'Klapp', 'Haldane', 'Blondell', 'Polish', 'Kudva', 'Ciapas', 'Raynor', 'Lamb', 'Bluhm', 'Ubana', 'Melburn', 'Wendye']
['Yerxa', 'Beebe', 'Gowrie', 'Sigsmond', 'Celestyn', 'Coh', 'Chemush', 'Saville', 'Ursi', 'Dedric', 'Sinnard', 'Lou', 'Dimitry', 'Favian', 'Cristoforo', 'Sievert', 'Rik', 'Balcer', 'Ng', 'Neveda', 'Groos', 'Catherin', 'Shelby', 'Kerwon', 'Margeaux']
['Kerianne', 'Firman', 'Deni', 'Melisa', 'Elihu', 'Merth', 'Fruin', 'Tessy', 'Emmer', 'Jillana', 'Cyd', 'Arel', 'Renick', 'Nafis', 'Placido', 'Bello', 'Fidelio', 'Candyce', 'Hudis', 'Wunder', 'Florentia', 'Gloriana', 'Lorilyn', 'Derril', 'Behlau']
['Hatch', 'Yim', 'Akeyla', 'Minier', 'Augustina', 'Lauree', 'Earlene', 'Donn', 'Emelia', 'Danna', 'Pippo', 'Masterson', 'Les', 'Neille', 'Ragland', 'Volkan', 'Utica', 'Janenna', 'Jorgenson', 'Meras', 'Quitt', 'Karon', 'Druce', 'Demetria', 'Adriane']
['McCoy', 'Kinzer', 'Flemming', 'Velda', 'Hong', 'Antonino', 'Roanna', 'Hotze', 'Maye', 'Griffin', 'Schreck', 'Tuttle', 'Jestude', 'Halstead', 'Pappas', 'Converse', 'Ludovico', 'Desi', 'Pryce', 'Towne', 'Danais', 'Lynett', 'Holms', 'Ainslee', 'Raul']
